<?xml version="1.0" encoding="UTF-8"?>
<!-- Generated by org.testng.reporters.JUnitXMLReporter -->
<testsuite ignored="0" hostname="Krupal_Chavda" failures="1" tests="3" name="Add Customer Test" time="72.73" errors="0" timestamp="15 Apr 2025 04:48:44 GMT">
  <testcase classname="testcases.AddCustomerTest" name="addCustomerTest" time="19.938"/>
  <testcase classname="testcases.AddCustomerTest" name="addCustomerTest" time="0.144">
    <skipped/>
  </testcase> <!-- addCustomerTest -->
  <testcase classname="testcases.AddCustomerTest" name="addCustomerTest" time="49.573">
    <failure type="java.lang.AssertionError" message="Error {
  message=&amp;apos;Timeout 30000ms exceeded.
=========================== logs ===========================
waiting for selector &amp;quot;body &amp;gt; div.ng-scope &amp;gt; div &amp;gt; div.ng-scope &amp;gt; div &amp;gt; div.borderM.box.padT20 &amp;gt; div:nth-child(5) &amp;gt; button&amp;quot;
  selector resolved to visible &amp;lt;button ng-click=&amp;quot;manager()&amp;quot; class=&amp;quot;btn btn-primary btn-…&amp;gt;Bank Manager Login&amp;lt;/button&amp;gt;
attempting click action
  waiting for element to be visible, enabled and stable
============================================================
  name=&amp;apos;TimeoutError
  stack=&amp;apos;TimeoutError: Timeout 30000ms exceeded.
=========================== logs ===========================
waiting for selector &amp;quot;body &amp;gt; div.ng-scope &amp;gt; div &amp;gt; div.ng-scope &amp;gt; div &amp;gt; div.borderM.box.padT20 &amp;gt; div:nth-child(5) &amp;gt; button&amp;quot;
  selector resolved to visible &amp;lt;button ng-click=&amp;quot;manager()&amp;quot; class=&amp;quot;btn btn-primary btn-…&amp;gt;Bank Manager Login&amp;lt;/button&amp;gt;
attempting click action
  waiting for element to be visible, enabled and stable
============================================================
    at ProgressController.run (C:\Users\krupa\AppData\Local\Temp\playwright-java-12900900930157200462\package\lib\server\progress.js:96:26)
    at Frame.click (C:\Users\krupa\AppData\Local\Temp\playwright-java-12900900930157200462\package\lib\server\frames.js:1197:23)
    at FrameDispatcher.click (C:\Users\krupa\AppData\Local\Temp\playwright-java-12900900930157200462\package\lib\server\dispatchers\frameDispatcher.js:173:30)
    at DispatcherConnection.dispatch (C:\Users\krupa\AppData\Local\Temp\playwright-java-12900900930157200462\package\lib\server\dispatchers\dispatcher.js:397:46)
}">
      <![CDATA[java.lang.AssertionError: Error {
  message='Timeout 30000ms exceeded.
=========================== logs ===========================
waiting for selector "body > div.ng-scope > div > div.ng-scope > div > div.borderM.box.padT20 > div:nth-child(5) > button"
  selector resolved to visible <button ng-click="manager()" class="btn btn-primary btn-…>Bank Manager Login</button>
attempting click action
  waiting for element to be visible, enabled and stable
============================================================
  name='TimeoutError
  stack='TimeoutError: Timeout 30000ms exceeded.
=========================== logs ===========================
waiting for selector "body > div.ng-scope > div > div.ng-scope > div > div.borderM.box.padT20 > div:nth-child(5) > button"
  selector resolved to visible <button ng-click="manager()" class="btn btn-primary btn-…>Bank Manager Login</button>
attempting click action
  waiting for element to be visible, enabled and stable
============================================================
    at ProgressController.run (C:\Users\krupa\AppData\Local\Temp\playwright-java-12900900930157200462\package\lib\server\progress.js:96:26)
    at Frame.click (C:\Users\krupa\AppData\Local\Temp\playwright-java-12900900930157200462\package\lib\server\frames.js:1197:23)
    at FrameDispatcher.click (C:\Users\krupa\AppData\Local\Temp\playwright-java-12900900930157200462\package\lib\server\dispatchers\frameDispatcher.js:173:30)
    at DispatcherConnection.dispatch (C:\Users\krupa\AppData\Local\Temp\playwright-java-12900900930157200462\package\lib\server\dispatchers\dispatcher.js:397:46)
}
at base.BaseTest.click(BaseTest.java:86)
at testcases.AddCustomerTest.addCustomerTest(AddCustomerTest.java:27)
... Removed 26 stack frames]]>
    </failure>
  </testcase> <!-- addCustomerTest -->
</testsuite> <!-- Add Customer Test -->
