<?xml version="1.0" encoding="UTF-8"?>
<!-- Generated by org.testng.reporters.JUnitReportReporter -->
<testsuite hostname="Krupal_Chavda" failures="1" tests="2" name="testcases.Login" time="21.148" errors="0" timestamp="2025-04-19T19:01:28 IST" skipped="0">
  <testcase classname="testcases.Login" name="login" time="11.581">
    <failure message="Error {
  message=&#039;Timeout 2000ms exceeded.
=========================== logs ===========================
waiting for selector &quot;//a[normalize-space()=&#039;Logout&#039;]&quot; to be visible
============================================================
  name=&#039;TimeoutError
  stack=&#039;TimeoutError: Timeout 2000ms exceeded.
=========================== logs ===========================
waiting for selector &quot;//a[normalize-space()=&#039;Logout&#039;]&quot; to be visible
============================================================
    at ProgressController.run (C:\Users\krupa\AppData\Local\Temp\playwright-java-2052045255839026608\package\lib\server\progress.js:96:26)
    at Frame.waitForSelector (C:\Users\krupa\AppData\Local\Temp\playwright-java-2052045255839026608\package\lib\server\frames.js:843:23)
    at FrameDispatcher.waitForSelector (C:\Users\krupa\AppData\Local\Temp\playwright-java-2052045255839026608\package\lib\server\dispatchers\frameDispatcher.js:111:110)
    at DispatcherConnection.dispatch (C:\Users\krupa\AppData\Local\Temp\playwright-java-2052045255839026608\package\lib\server\dispatchers\dispatcher.js:397:46)
}" type="java.lang.AssertionError">
      <![CDATA[java.lang.AssertionError: Error {
  message='Timeout 2000ms exceeded.
=========================== logs ===========================
waiting for selector "//a[normalize-space()='Logout']" to be visible
============================================================
  name='TimeoutError
  stack='TimeoutError: Timeout 2000ms exceeded.
=========================== logs ===========================
waiting for selector "//a[normalize-space()='Logout']" to be visible
============================================================
    at ProgressController.run (C:\Users\krupa\AppData\Local\Temp\playwright-java-2052045255839026608\package\lib\server\progress.js:96:26)
    at Frame.waitForSelector (C:\Users\krupa\AppData\Local\Temp\playwright-java-2052045255839026608\package\lib\server\frames.js:843:23)
    at FrameDispatcher.waitForSelector (C:\Users\krupa\AppData\Local\Temp\playwright-java-2052045255839026608\package\lib\server\dispatchers\frameDispatcher.js:111:110)
    at DispatcherConnection.dispatch (C:\Users\krupa\AppData\Local\Temp\playwright-java-2052045255839026608\package\lib\server\dispatchers\dispatcher.js:397:46)
}
at org.testng.Assert.fail(Assert.java:97)
at base.BaseTest.isElementPresent(BaseTest.java:127)
at testcases.Login.login(Login.java:32)
at java.base/jdk.internal.reflect.DirectMethodHandleAccessor.invoke(DirectMethodHandleAccessor.java:103)
at java.base/java.lang.reflect.Method.invoke(Method.java:580)
at org.testng.internal.MethodInvocationHelper.invokeMethod(MethodInvocationHelper.java:134)
at org.testng.internal.TestInvoker.invokeMethod(TestInvoker.java:597)
at org.testng.internal.TestInvoker.invokeTestMethod(TestInvoker.java:173)
at org.testng.internal.MethodRunner.runInSequence(MethodRunner.java:46)
at org.testng.internal.TestInvoker$MethodInvocationAgent.invoke(TestInvoker.java:816)
at org.testng.internal.TestInvoker.invokeTestMethods(TestInvoker.java:146)
at org.testng.internal.TestMethodWorker.invokeTestMethods(TestMethodWorker.java:146)
at org.testng.internal.TestMethodWorker.run(TestMethodWorker.java:128)
at java.base/java.util.ArrayList.forEach(ArrayList.java:1596)
at org.testng.TestRunner.privateRun(TestRunner.java:766)
at org.testng.TestRunner.run(TestRunner.java:587)
at org.testng.SuiteRunner.runTest(SuiteRunner.java:384)
at org.testng.SuiteRunner.runSequentially(SuiteRunner.java:378)
at org.testng.SuiteRunner.privateRun(SuiteRunner.java:337)
at org.testng.SuiteRunner.run(SuiteRunner.java:286)
at org.testng.SuiteRunnerWorker.runSuite(SuiteRunnerWorker.java:53)
at org.testng.SuiteRunnerWorker.run(SuiteRunnerWorker.java:96)
at org.testng.TestNG.runSuitesSequentially(TestNG.java:1187)
at org.testng.TestNG.runSuitesLocally(TestNG.java:1109)
at org.testng.TestNG.runSuites(TestNG.java:1039)
at org.testng.TestNG.run(TestNG.java:1007)
at org.testng.remote.AbstractRemoteTestNG.run(AbstractRemoteTestNG.java:115)
at org.testng.remote.RemoteTestNG.initAndRun(RemoteTestNG.java:293)
at org.testng.remote.RemoteTestNG.main(RemoteTestNG.java:91)
]]>
    </failure>
  </testcase> <!-- login -->
  <system-out/>
  <testcase classname="testcases.Login" name="login" time="9.567"/>
  <system-out/>
</testsuite> <!-- testcases.Login -->
