<?xml version="1.0" encoding="UTF-8"?>
<!-- Generated by org.testng.reporters.JUnitReportReporter -->
<testsuite hostname="Krupal_Chavda" failures="1" tests="3" name="testcases.AddCustomerTest" time="71.605" errors="0" timestamp="15 Apr 2025 04:49:54 GMT" skipped="1">
  <testcase classname="testcases.AddCustomerTest" name="addCustomerTest" time="21.203"/>
  <testcase classname="testcases.AddCustomerTest" name="addCustomerTest" time="0.823">
    <skipped/>
  </testcase> <!-- addCustomerTest -->
  <testcase classname="testcases.AddCustomerTest" name="addCustomerTest" time="49.579">
    <failure message="Error {
  message=&#039;Timeout 30000ms exceeded.
=========================== logs ===========================
waiting for selector &quot;body &gt; div.ng-scope &gt; div &gt; div.ng-scope &gt; div &gt; div.borderM.box.padT20 &gt; div:nth-child(5) &gt; button&quot;
  selector resolved to visible &lt;button ng-click=&quot;manager()&quot; class=&quot;btn btn-primary btn-…&gt;Bank Manager Login&lt;/button&gt;
attempting click action
  waiting for element to be visible, enabled and stable
============================================================
  name=&#039;TimeoutError
  stack=&#039;TimeoutError: Timeout 30000ms exceeded.
=========================== logs ===========================
waiting for selector &quot;body &gt; div.ng-scope &gt; div &gt; div.ng-scope &gt; div &gt; div.borderM.box.padT20 &gt; div:nth-child(5) &gt; button&quot;
  selector resolved to visible &lt;button ng-click=&quot;manager()&quot; class=&quot;btn btn-primary btn-…&gt;Bank Manager Login&lt;/button&gt;
attempting click action
  waiting for element to be visible, enabled and stable
============================================================
    at ProgressController.run (C:\Users\krupa\AppData\Local\Temp\playwright-java-12900900930157200462\package\lib\server\progress.js:96:26)
    at Frame.click (C:\Users\krupa\AppData\Local\Temp\playwright-java-12900900930157200462\package\lib\server\frames.js:1197:23)
    at FrameDispatcher.click (C:\Users\krupa\AppData\Local\Temp\playwright-java-12900900930157200462\package\lib\server\dispatchers\frameDispatcher.js:173:30)
    at DispatcherConnection.dispatch (C:\Users\krupa\AppData\Local\Temp\playwright-java-12900900930157200462\package\lib\server\dispatchers\dispatcher.js:397:46)
}" type="java.lang.AssertionError">
      <![CDATA[java.lang.AssertionError: Error {
  message='Timeout 30000ms exceeded.
=========================== logs ===========================
waiting for selector "body > div.ng-scope > div > div.ng-scope > div > div.borderM.box.padT20 > div:nth-child(5) > button"
  selector resolved to visible <button ng-click="manager()" class="btn btn-primary btn-…>Bank Manager Login</button>
attempting click action
  waiting for element to be visible, enabled and stable
============================================================
  name='TimeoutError
  stack='TimeoutError: Timeout 30000ms exceeded.
=========================== logs ===========================
waiting for selector "body > div.ng-scope > div > div.ng-scope > div > div.borderM.box.padT20 > div:nth-child(5) > button"
  selector resolved to visible <button ng-click="manager()" class="btn btn-primary btn-…>Bank Manager Login</button>
attempting click action
  waiting for element to be visible, enabled and stable
============================================================
    at ProgressController.run (C:\Users\krupa\AppData\Local\Temp\playwright-java-12900900930157200462\package\lib\server\progress.js:96:26)
    at Frame.click (C:\Users\krupa\AppData\Local\Temp\playwright-java-12900900930157200462\package\lib\server\frames.js:1197:23)
    at FrameDispatcher.click (C:\Users\krupa\AppData\Local\Temp\playwright-java-12900900930157200462\package\lib\server\dispatchers\frameDispatcher.js:173:30)
    at DispatcherConnection.dispatch (C:\Users\krupa\AppData\Local\Temp\playwright-java-12900900930157200462\package\lib\server\dispatchers\dispatcher.js:397:46)
}
at org.testng.Assert.fail(Assert.java:96)
at base.BaseTest.click(BaseTest.java:86)
at testcases.AddCustomerTest.addCustomerTest(AddCustomerTest.java:27)
at java.base/jdk.internal.reflect.NativeMethodAccessorImpl.invoke0(Native Method)
at java.base/jdk.internal.reflect.NativeMethodAccessorImpl.invoke(NativeMethodAccessorImpl.java:78)
at java.base/jdk.internal.reflect.DelegatingMethodAccessorImpl.invoke(DelegatingMethodAccessorImpl.java:43)
at java.base/java.lang.reflect.Method.invoke(Method.java:567)
at org.testng.internal.MethodInvocationHelper.invokeMethod(MethodInvocationHelper.java:124)
at org.testng.internal.Invoker.invokeMethod(Invoker.java:583)
at org.testng.internal.Invoker.invokeTestMethod(Invoker.java:719)
at org.testng.internal.Invoker.invokeTestMethods(Invoker.java:989)
at org.testng.internal.TestMethodWorker.invokeTestMethods(TestMethodWorker.java:125)
at org.testng.internal.TestMethodWorker.run(TestMethodWorker.java:109)
at org.testng.TestRunner.privateRun(TestRunner.java:648)
at org.testng.TestRunner.run(TestRunner.java:505)
at org.testng.SuiteRunner.runTest(SuiteRunner.java:455)
at org.testng.SuiteRunner.runSequentially(SuiteRunner.java:450)
at org.testng.SuiteRunner.privateRun(SuiteRunner.java:415)
at org.testng.SuiteRunner.run(SuiteRunner.java:364)
at org.testng.SuiteRunnerWorker.runSuite(SuiteRunnerWorker.java:52)
at org.testng.SuiteRunnerWorker.run(SuiteRunnerWorker.java:84)
at org.testng.TestNG.runSuitesSequentially(TestNG.java:1208)
at org.testng.TestNG.runSuitesLocally(TestNG.java:1137)
at org.testng.TestNG.runSuites(TestNG.java:1049)
at org.testng.TestNG.run(TestNG.java:1017)
at org.testng.remote.AbstractRemoteTestNG.run(AbstractRemoteTestNG.java:115)
at org.testng.remote.RemoteTestNG.initAndRun(RemoteTestNG.java:293)
at org.testng.remote.RemoteTestNG.main(RemoteTestNG.java:91)
]]>
    </failure>
  </testcase> <!-- addCustomerTest -->
</testsuite> <!-- testcases.AddCustomerTest -->
