<?xml version="1.0" encoding="UTF-8"?>
<!-- Generated by org.testng.reporters.JUnitReportReporter -->
<testsuite hostname="Krupal_Chavda" failures="1" tests="3" name="testcases.OpenAccountTest" time="50.129" errors="0" timestamp="15 Apr 2025 16:19:16 GMT" skipped="1">
  <testcase classname="testcases.OpenAccountTest" name="openAccountTest" time="0.060">
    <skipped/>
  </testcase> <!-- openAccountTest -->
  <testcase classname="testcases.OpenAccountTest" name="openAccountTest" time="41.701">
    <failure message="Error {
  message=&#039;Timeout 30000ms exceeded.
=========================== logs ===========================
waiting for selector &quot;button[ng-class=&#039;btnClass2&#039;]&quot;
  selector resolved to visible &lt;button ng-class=&quot;btnClass2&quot; class=&quot;btn btn-lg tab&quot; ng-c…&gt;…&lt;/button&gt;
attempting click action
  waiting for element to be visible, enabled and stable
============================================================
  name=&#039;TimeoutError
  stack=&#039;TimeoutError: Timeout 30000ms exceeded.
=========================== logs ===========================
waiting for selector &quot;button[ng-class=&#039;btnClass2&#039;]&quot;
  selector resolved to visible &lt;button ng-class=&quot;btnClass2&quot; class=&quot;btn btn-lg tab&quot; ng-c…&gt;…&lt;/button&gt;
attempting click action
  waiting for element to be visible, enabled and stable
============================================================
    at ProgressController.run (C:\Users\krupa\AppData\Local\Temp\playwright-java-7461548838662857402\package\lib\server\progress.js:96:26)
    at Frame.click (C:\Users\krupa\AppData\Local\Temp\playwright-java-7461548838662857402\package\lib\server\frames.js:1197:23)
    at FrameDispatcher.click (C:\Users\krupa\AppData\Local\Temp\playwright-java-7461548838662857402\package\lib\server\dispatchers\frameDispatcher.js:173:30)
    at DispatcherConnection.dispatch (C:\Users\krupa\AppData\Local\Temp\playwright-java-7461548838662857402\package\lib\server\dispatchers\dispatcher.js:397:46)
}" type="java.lang.AssertionError">
      <![CDATA[java.lang.AssertionError: Error {
  message='Timeout 30000ms exceeded.
=========================== logs ===========================
waiting for selector "button[ng-class='btnClass2']"
  selector resolved to visible <button ng-class="btnClass2" class="btn btn-lg tab" ng-c…>…</button>
attempting click action
  waiting for element to be visible, enabled and stable
============================================================
  name='TimeoutError
  stack='TimeoutError: Timeout 30000ms exceeded.
=========================== logs ===========================
waiting for selector "button[ng-class='btnClass2']"
  selector resolved to visible <button ng-class="btnClass2" class="btn btn-lg tab" ng-c…>…</button>
attempting click action
  waiting for element to be visible, enabled and stable
============================================================
    at ProgressController.run (C:\Users\krupa\AppData\Local\Temp\playwright-java-7461548838662857402\package\lib\server\progress.js:96:26)
    at Frame.click (C:\Users\krupa\AppData\Local\Temp\playwright-java-7461548838662857402\package\lib\server\frames.js:1197:23)
    at FrameDispatcher.click (C:\Users\krupa\AppData\Local\Temp\playwright-java-7461548838662857402\package\lib\server\dispatchers\frameDispatcher.js:173:30)
    at DispatcherConnection.dispatch (C:\Users\krupa\AppData\Local\Temp\playwright-java-7461548838662857402\package\lib\server\dispatchers\dispatcher.js:397:46)
}
at org.testng.Assert.fail(Assert.java:96)
at base.BaseTest.click(BaseTest.java:86)
at testcases.OpenAccountTest.openAccountTest(OpenAccountTest.java:28)
at java.base/jdk.internal.reflect.DirectMethodHandleAccessor.invoke(DirectMethodHandleAccessor.java:104)
at java.base/java.lang.reflect.Method.invoke(Method.java:565)
at org.testng.internal.MethodInvocationHelper.invokeMethod(MethodInvocationHelper.java:124)
at org.testng.internal.Invoker.invokeMethod(Invoker.java:583)
at org.testng.internal.Invoker.invokeTestMethod(Invoker.java:719)
at org.testng.internal.Invoker.invokeTestMethods(Invoker.java:989)
at org.testng.internal.TestMethodWorker.invokeTestMethods(TestMethodWorker.java:125)
at org.testng.internal.TestMethodWorker.run(TestMethodWorker.java:109)
at org.testng.TestRunner.privateRun(TestRunner.java:648)
at org.testng.TestRunner.run(TestRunner.java:505)
at org.testng.SuiteRunner.runTest(SuiteRunner.java:455)
at org.testng.SuiteRunner.runSequentially(SuiteRunner.java:450)
at org.testng.SuiteRunner.privateRun(SuiteRunner.java:415)
at org.testng.SuiteRunner.run(SuiteRunner.java:364)
at org.testng.SuiteRunnerWorker.runSuite(SuiteRunnerWorker.java:52)
at org.testng.SuiteRunnerWorker.run(SuiteRunnerWorker.java:84)
at org.testng.TestNG.runSuitesSequentially(TestNG.java:1208)
at org.testng.TestNG.runSuitesLocally(TestNG.java:1137)
at org.testng.TestNG.runSuites(TestNG.java:1049)
at org.testng.TestNG.run(TestNG.java:1017)
at org.apache.maven.surefire.testng.TestNGExecutor.run(TestNGExecutor.java:295)
at org.apache.maven.surefire.testng.TestNGXmlTestSuite.execute(TestNGXmlTestSuite.java:84)
at org.apache.maven.surefire.testng.TestNGProvider.invoke(TestNGProvider.java:90)
at org.apache.maven.surefire.booter.ForkedBooter.invokeProviderInSameClassLoader(ForkedBooter.java:203)
at org.apache.maven.surefire.booter.ForkedBooter.runSuitesInProcess(ForkedBooter.java:155)
at org.apache.maven.surefire.booter.ForkedBooter.main(ForkedBooter.java:103)
]]>
    </failure>
  </testcase> <!-- openAccountTest -->
  <testcase classname="testcases.OpenAccountTest" name="openAccountTest" time="8.368"/>
</testsuite> <!-- testcases.OpenAccountTest -->
