<?xml version="1.0" encoding="UTF-8"?>
<testng-results ignored="0" total="6" passed="3" failed="1" skipped="2">
  <reporter-output>
  </reporter-output>
  <suite started-at="2025-04-15T04:47:32Z" name="Data Driven Framework" finished-at="2025-04-15T04:49:51Z" duration-ms="139508">
    <groups>
    </groups>
    <test started-at="2025-04-15T04:47:32Z" name="Add Customer Test" finished-at="2025-04-15T04:48:44Z" duration-ms="72730">
      <class name="testcases.AddCustomerTest">
        <test-method signature="addCustomerTest(java.util.Hashtable)[pri:0, instance:testcases.AddCustomerTest@68dc098b]" started-at="2025-04-15T04:47:33Z" name="addCustomerTest" data-provider="bankManagerDP" finished-at="2025-04-15T04:47:53Z" duration-ms="19938" status="PASS">
          <params>
            <param index="0">
              <value>
                <![CDATA[{browser=chrome, postcode=A234324, Runmode=Y, lastname=Arora, firstname=Raman}]]>
              </value>
            </param>
          </params>
          <reporter-output>
          </reporter-output>
        </test-method> <!-- addCustomerTest -->
        <test-method is-config="true" signature="quite()[pri:0, instance:testcases.AddCustomerTest@68dc098b]" started-at="2025-04-15T04:47:53Z" name="quite" finished-at="2025-04-15T04:47:53Z" duration-ms="679" status="PASS">
          <reporter-output>
          </reporter-output>
        </test-method> <!-- quite -->
        <test-method signature="addCustomerTest(java.util.Hashtable)[pri:0, instance:testcases.AddCustomerTest@68dc098b]" started-at="2025-04-15T04:47:53Z" name="addCustomerTest" data-provider="bankManagerDP" finished-at="2025-04-15T04:47:53Z" duration-ms="144" status="SKIP">
          <params>
            <param index="0">
              <value>
                <![CDATA[{browser=chrome, postcode=D53434, Runmode=N, lastname=Arora, firstname=Rahul}]]>
              </value>
            </param>
          </params>
          <exception class="org.testng.SkipException">
            <message>
              <![CDATA[Skipping the test : AddCustomerTest as the Run mode to Data set is NO]]>
            </message>
            <full-stacktrace>
              <![CDATA[org.testng.SkipException: Skipping the test : AddCustomerTest as the Run mode to Data set is NO
at utilities.DataUtil.checkExecution(DataUtil.java:32)
at testcases.AddCustomerTest.addCustomerTest(AddCustomerTest.java:21)
at java.base/jdk.internal.reflect.NativeMethodAccessorImpl.invoke0(Native Method)
at java.base/jdk.internal.reflect.NativeMethodAccessorImpl.invoke(NativeMethodAccessorImpl.java:78)
at java.base/jdk.internal.reflect.DelegatingMethodAccessorImpl.invoke(DelegatingMethodAccessorImpl.java:43)
at java.base/java.lang.reflect.Method.invoke(Method.java:567)
at org.testng.internal.MethodInvocationHelper.invokeMethod(MethodInvocationHelper.java:124)
at org.testng.internal.Invoker.invokeMethod(Invoker.java:583)
at org.testng.internal.Invoker.invokeTestMethod(Invoker.java:719)
at org.testng.internal.Invoker.invokeTestMethods(Invoker.java:989)
at org.testng.internal.TestMethodWorker.invokeTestMethods(TestMethodWorker.java:125)
at org.testng.internal.TestMethodWorker.run(TestMethodWorker.java:109)
at org.testng.TestRunner.privateRun(TestRunner.java:648)
at org.testng.TestRunner.run(TestRunner.java:505)
at org.testng.SuiteRunner.runTest(SuiteRunner.java:455)
at org.testng.SuiteRunner.runSequentially(SuiteRunner.java:450)
at org.testng.SuiteRunner.privateRun(SuiteRunner.java:415)
at org.testng.SuiteRunner.run(SuiteRunner.java:364)
at org.testng.SuiteRunnerWorker.runSuite(SuiteRunnerWorker.java:52)
at org.testng.SuiteRunnerWorker.run(SuiteRunnerWorker.java:84)
at org.testng.TestNG.runSuitesSequentially(TestNG.java:1208)
at org.testng.TestNG.runSuitesLocally(TestNG.java:1137)
at org.testng.TestNG.runSuites(TestNG.java:1049)
at org.testng.TestNG.run(TestNG.java:1017)
at org.testng.remote.AbstractRemoteTestNG.run(AbstractRemoteTestNG.java:115)
at org.testng.remote.RemoteTestNG.initAndRun(RemoteTestNG.java:293)
at org.testng.remote.RemoteTestNG.main(RemoteTestNG.java:91)
]]>
            </full-stacktrace>
          </exception> <!-- org.testng.SkipException -->
          <reporter-output>
          </reporter-output>
        </test-method> <!-- addCustomerTest -->
        <test-method is-config="true" signature="quite()[pri:0, instance:testcases.AddCustomerTest@68dc098b]" started-at="2025-04-15T04:47:53Z" name="quite" finished-at="2025-04-15T04:47:53Z" duration-ms="6" status="PASS">
          <reporter-output>
          </reporter-output>
        </test-method> <!-- quite -->
        <test-method signature="addCustomerTest(java.util.Hashtable)[pri:0, instance:testcases.AddCustomerTest@68dc098b]" started-at="2025-04-15T04:47:53Z" name="addCustomerTest" data-provider="bankManagerDP" finished-at="2025-04-15T04:48:43Z" duration-ms="49573" status="FAIL">
          <params>
            <param index="0">
              <value>
                <![CDATA[{browser=firefox, postcode=D53434, Runmode=Y, lastname=Smith, firstname=Tom}]]>
              </value>
            </param>
          </params>
          <exception class="java.lang.AssertionError">
            <message>
              <![CDATA[Error {
  message='Timeout 30000ms exceeded.
=========================== logs ===========================
waiting for selector "body > div.ng-scope > div > div.ng-scope > div > div.borderM.box.padT20 > div:nth-child(5) > button"
  selector resolved to visible <button ng-click="manager()" class="btn btn-primary btn-…>Bank Manager Login</button>
attempting click action
  waiting for element to be visible, enabled and stable
============================================================
  name='TimeoutError
  stack='TimeoutError: Timeout 30000ms exceeded.
=========================== logs ===========================
waiting for selector "body > div.ng-scope > div > div.ng-scope > div > div.borderM.box.padT20 > div:nth-child(5) > button"
  selector resolved to visible <button ng-click="manager()" class="btn btn-primary btn-…>Bank Manager Login</button>
attempting click action
  waiting for element to be visible, enabled and stable
============================================================
    at ProgressController.run (C:\Users\krupa\AppData\Local\Temp\playwright-java-12900900930157200462\package\lib\server\progress.js:96:26)
    at Frame.click (C:\Users\krupa\AppData\Local\Temp\playwright-java-12900900930157200462\package\lib\server\frames.js:1197:23)
    at FrameDispatcher.click (C:\Users\krupa\AppData\Local\Temp\playwright-java-12900900930157200462\package\lib\server\dispatchers\frameDispatcher.js:173:30)
    at DispatcherConnection.dispatch (C:\Users\krupa\AppData\Local\Temp\playwright-java-12900900930157200462\package\lib\server\dispatchers\dispatcher.js:397:46)
}]]>
            </message>
            <full-stacktrace>
              <![CDATA[java.lang.AssertionError: Error {
  message='Timeout 30000ms exceeded.
=========================== logs ===========================
waiting for selector "body > div.ng-scope > div > div.ng-scope > div > div.borderM.box.padT20 > div:nth-child(5) > button"
  selector resolved to visible <button ng-click="manager()" class="btn btn-primary btn-…>Bank Manager Login</button>
attempting click action
  waiting for element to be visible, enabled and stable
============================================================
  name='TimeoutError
  stack='TimeoutError: Timeout 30000ms exceeded.
=========================== logs ===========================
waiting for selector "body > div.ng-scope > div > div.ng-scope > div > div.borderM.box.padT20 > div:nth-child(5) > button"
  selector resolved to visible <button ng-click="manager()" class="btn btn-primary btn-…>Bank Manager Login</button>
attempting click action
  waiting for element to be visible, enabled and stable
============================================================
    at ProgressController.run (C:\Users\krupa\AppData\Local\Temp\playwright-java-12900900930157200462\package\lib\server\progress.js:96:26)
    at Frame.click (C:\Users\krupa\AppData\Local\Temp\playwright-java-12900900930157200462\package\lib\server\frames.js:1197:23)
    at FrameDispatcher.click (C:\Users\krupa\AppData\Local\Temp\playwright-java-12900900930157200462\package\lib\server\dispatchers\frameDispatcher.js:173:30)
    at DispatcherConnection.dispatch (C:\Users\krupa\AppData\Local\Temp\playwright-java-12900900930157200462\package\lib\server\dispatchers\dispatcher.js:397:46)
}
at org.testng.Assert.fail(Assert.java:96)
at base.BaseTest.click(BaseTest.java:86)
at testcases.AddCustomerTest.addCustomerTest(AddCustomerTest.java:27)
at java.base/jdk.internal.reflect.NativeMethodAccessorImpl.invoke0(Native Method)
at java.base/jdk.internal.reflect.NativeMethodAccessorImpl.invoke(NativeMethodAccessorImpl.java:78)
at java.base/jdk.internal.reflect.DelegatingMethodAccessorImpl.invoke(DelegatingMethodAccessorImpl.java:43)
at java.base/java.lang.reflect.Method.invoke(Method.java:567)
at org.testng.internal.MethodInvocationHelper.invokeMethod(MethodInvocationHelper.java:124)
at org.testng.internal.Invoker.invokeMethod(Invoker.java:583)
at org.testng.internal.Invoker.invokeTestMethod(Invoker.java:719)
at org.testng.internal.Invoker.invokeTestMethods(Invoker.java:989)
at org.testng.internal.TestMethodWorker.invokeTestMethods(TestMethodWorker.java:125)
at org.testng.internal.TestMethodWorker.run(TestMethodWorker.java:109)
at org.testng.TestRunner.privateRun(TestRunner.java:648)
at org.testng.TestRunner.run(TestRunner.java:505)
at org.testng.SuiteRunner.runTest(SuiteRunner.java:455)
at org.testng.SuiteRunner.runSequentially(SuiteRunner.java:450)
at org.testng.SuiteRunner.privateRun(SuiteRunner.java:415)
at org.testng.SuiteRunner.run(SuiteRunner.java:364)
at org.testng.SuiteRunnerWorker.runSuite(SuiteRunnerWorker.java:52)
at org.testng.SuiteRunnerWorker.run(SuiteRunnerWorker.java:84)
at org.testng.TestNG.runSuitesSequentially(TestNG.java:1208)
at org.testng.TestNG.runSuitesLocally(TestNG.java:1137)
at org.testng.TestNG.runSuites(TestNG.java:1049)
at org.testng.TestNG.run(TestNG.java:1017)
at org.testng.remote.AbstractRemoteTestNG.run(AbstractRemoteTestNG.java:115)
at org.testng.remote.RemoteTestNG.initAndRun(RemoteTestNG.java:293)
at org.testng.remote.RemoteTestNG.main(RemoteTestNG.java:91)
]]>
            </full-stacktrace>
          </exception> <!-- java.lang.AssertionError -->
          <reporter-output>
          </reporter-output>
        </test-method> <!-- addCustomerTest -->
        <test-method is-config="true" signature="quite()[pri:0, instance:testcases.AddCustomerTest@68dc098b]" started-at="2025-04-15T04:48:43Z" name="quite" finished-at="2025-04-15T04:48:44Z" duration-ms="1265" status="PASS">
          <reporter-output>
          </reporter-output>
        </test-method> <!-- quite -->
      </class> <!-- testcases.AddCustomerTest -->
    </test> <!-- Add Customer Test -->
    <test started-at="2025-04-15T04:48:45Z" name="Open Account Test" finished-at="2025-04-15T04:49:51Z" duration-ms="65919">
      <class name="testcases.OpenAccountTest">
        <test-method is-config="true" signature="setUp()[pri:0, instance:testcases.OpenAccountTest@73302995]" started-at="2025-04-15T04:47:32Z" name="setUp" finished-at="2025-04-15T04:47:32Z" duration-ms="26" status="PASS">
          <reporter-output>
          </reporter-output>
        </test-method> <!-- setUp -->
        <test-method signature="openAccountTest(java.util.Hashtable)[pri:0, instance:testcases.OpenAccountTest@73302995]" started-at="2025-04-15T04:48:45Z" name="openAccountTest" data-provider="bankManagerDP" finished-at="2025-04-15T04:48:57Z" duration-ms="11303" status="PASS">
          <params>
            <param index="0">
              <value>
                <![CDATA[{currency=Rupee, browser=chrome, Runmode=Y, customer=Harry Potter}]]>
              </value>
            </param>
          </params>
          <reporter-output>
          </reporter-output>
        </test-method> <!-- openAccountTest -->
        <test-method is-config="true" signature="quite()[pri:0, instance:testcases.OpenAccountTest@73302995]" started-at="2025-04-15T04:48:57Z" name="quite" finished-at="2025-04-15T04:48:57Z" duration-ms="691" status="PASS">
          <reporter-output>
          </reporter-output>
        </test-method> <!-- quite -->
        <test-method signature="openAccountTest(java.util.Hashtable)[pri:0, instance:testcases.OpenAccountTest@73302995]" started-at="2025-04-15T04:48:57Z" name="openAccountTest" data-provider="bankManagerDP" finished-at="2025-04-15T04:48:57Z" duration-ms="74" status="SKIP">
          <params>
            <param index="0">
              <value>
                <![CDATA[{currency=Dollar, browser=chrome, Runmode=N, customer=Ron Weasly}]]>
              </value>
            </param>
          </params>
          <exception class="org.testng.SkipException">
            <message>
              <![CDATA[Skipping the test : OpenAccountTest as the Run mode to Data set is NO]]>
            </message>
            <full-stacktrace>
              <![CDATA[org.testng.SkipException: Skipping the test : OpenAccountTest as the Run mode to Data set is NO
at utilities.DataUtil.checkExecution(DataUtil.java:32)
at testcases.OpenAccountTest.openAccountTest(OpenAccountTest.java:20)
at java.base/jdk.internal.reflect.NativeMethodAccessorImpl.invoke0(Native Method)
at java.base/jdk.internal.reflect.NativeMethodAccessorImpl.invoke(NativeMethodAccessorImpl.java:78)
at java.base/jdk.internal.reflect.DelegatingMethodAccessorImpl.invoke(DelegatingMethodAccessorImpl.java:43)
at java.base/java.lang.reflect.Method.invoke(Method.java:567)
at org.testng.internal.MethodInvocationHelper.invokeMethod(MethodInvocationHelper.java:124)
at org.testng.internal.Invoker.invokeMethod(Invoker.java:583)
at org.testng.internal.Invoker.invokeTestMethod(Invoker.java:719)
at org.testng.internal.Invoker.invokeTestMethods(Invoker.java:989)
at org.testng.internal.TestMethodWorker.invokeTestMethods(TestMethodWorker.java:125)
at org.testng.internal.TestMethodWorker.run(TestMethodWorker.java:109)
at org.testng.TestRunner.privateRun(TestRunner.java:648)
at org.testng.TestRunner.run(TestRunner.java:505)
at org.testng.SuiteRunner.runTest(SuiteRunner.java:455)
at org.testng.SuiteRunner.runSequentially(SuiteRunner.java:450)
at org.testng.SuiteRunner.privateRun(SuiteRunner.java:415)
at org.testng.SuiteRunner.run(SuiteRunner.java:364)
at org.testng.SuiteRunnerWorker.runSuite(SuiteRunnerWorker.java:52)
at org.testng.SuiteRunnerWorker.run(SuiteRunnerWorker.java:84)
at org.testng.TestNG.runSuitesSequentially(TestNG.java:1208)
at org.testng.TestNG.runSuitesLocally(TestNG.java:1137)
at org.testng.TestNG.runSuites(TestNG.java:1049)
at org.testng.TestNG.run(TestNG.java:1017)
at org.testng.remote.AbstractRemoteTestNG.run(AbstractRemoteTestNG.java:115)
at org.testng.remote.RemoteTestNG.initAndRun(RemoteTestNG.java:293)
at org.testng.remote.RemoteTestNG.main(RemoteTestNG.java:91)
]]>
            </full-stacktrace>
          </exception> <!-- org.testng.SkipException -->
          <reporter-output>
          </reporter-output>
        </test-method> <!-- openAccountTest -->
        <test-method is-config="true" signature="quite()[pri:0, instance:testcases.OpenAccountTest@73302995]" started-at="2025-04-15T04:48:57Z" name="quite" finished-at="2025-04-15T04:48:57Z" duration-ms="4" status="PASS">
          <reporter-output>
          </reporter-output>
        </test-method> <!-- quite -->
        <test-method signature="openAccountTest(java.util.Hashtable)[pri:0, instance:testcases.OpenAccountTest@73302995]" started-at="2025-04-15T04:48:57Z" name="openAccountTest" data-provider="bankManagerDP" finished-at="2025-04-15T04:49:50Z" duration-ms="52934" status="PASS">
          <params>
            <param index="0">
              <value>
                <![CDATA[{currency=Pound, browser=firefox, Runmode=Y, customer=Hermoine Granger}]]>
              </value>
            </param>
          </params>
          <reporter-output>
          </reporter-output>
        </test-method> <!-- openAccountTest -->
        <test-method is-config="true" signature="quite()[pri:0, instance:testcases.OpenAccountTest@73302995]" started-at="2025-04-15T04:49:50Z" name="quite" finished-at="2025-04-15T04:49:51Z" duration-ms="816" status="PASS">
          <reporter-output>
          </reporter-output>
        </test-method> <!-- quite -->
        <test-method is-config="true" signature="quitPlaywright()[pri:0, instance:testcases.OpenAccountTest@73302995]" started-at="2025-04-15T04:49:51Z" name="quitPlaywright" finished-at="2025-04-15T04:49:51Z" duration-ms="24" status="PASS">
          <reporter-output>
          </reporter-output>
        </test-method> <!-- quitPlaywright -->
      </class> <!-- testcases.OpenAccountTest -->
    </test> <!-- Open Account Test -->
  </suite> <!-- Data Driven Framework -->
</testng-results>
